21:01:09 **** Incremental Build of configuration Debug for project test_cpp ****
make all 
make: Цель `all' не требует выполнения команд.
21:01:09 **** Incremental Build of configuration Release for project test_cpp ****
make all 
make: Цель `all' не требует выполнения команд.
21:01:18 **** Incremental Build of configuration Debug for project test_cpp ****
make all 
make: Цель `all' не требует выполнения команд.
21:01:18 **** Incremental Build of configuration Release for project test_cpp ****
make all 
make: Цель `all' не требует выполнения команд.
23:30:09 **** Build of configuration Debug for project test_cpp ****
make all 
make: Цель `all' не требует выполнения команд.
23:30:11 **** Clean-only build of configuration Release for project test_cpp ****
make clean 
rm -rf  ./main.o  ./main.d  test_cpp
 
23:30:11 **** Build of configuration Release for project test_cpp ****
make all 
Building file: ../main.cpp
Invoking: GCC C++ Compiler
g++ -O3 -Wall -c -fmessage-length=0 -MMD -MP -MF"main.d" -MT"main.d" -o "main.o" "../main.cpp"
Finished building: ../main.cpp
 
Building target: test_cpp
Invoking: GCC C++ Linker
g++  -o "test_cpp"  ./main.o   
Finished building target: test_cpp
 
23:41:43 **** Clean-only build of configuration Debug for project test_cpp ****
make clean 
rm -rf  ./main.o  ./main.d  test_cpp
 
23:41:44 **** Incremental Build of configuration Debug for project test_cpp ****
make all 
Building file: ../main.cpp
Invoking: GCC C++ Compiler
g++ -O0 -g3 -Wall -c -fmessage-length=0 -MMD -MP -MF"main.d" -MT"main.d" -o "main.o" "../main.cpp"
Finished building: ../main.cpp
 
Building target: test_cpp
Invoking: GCC C++ Linker
g++  -o "test_cpp"  ./main.o   
Finished building target: test_cpp
 
23:41:44 **** Incremental Build of configuration Release for project test_cpp ****
make all 
Building file: ../main.cpp
Invoking: GCC C++ Compiler
g++ -O3 -Wall -c -fmessage-length=0 -MMD -MP -MF"main.d" -MT"main.d" -o "main.o" "../main.cpp"
Finished building: ../main.cpp
 
Building target: test_cpp
Invoking: GCC C++ Linker
g++  -o "test_cpp"  ./main.o   
Finished building target: test_cpp
 
23:46:15 **** Incremental Build of configuration Debug for project test_cpp ****
make all 
Building file: ../main.cpp
Invoking: GCC C++ Compiler
g++ -O0 -g3 -Wall -c -fmessage-length=0 -MMD -MP -MF"main.d" -MT"main.d" -o "main.o" "../main.cpp"
../main.cpp: In function ‘int main()’:
../main.cpp:17:14: error: ‘std::string Dick::am’ is protected
  std::string am;
              ^
../main.cpp:29:21: error: within this context
  std::cout << chlen.am << std::endl;
                     ^
make: *** [main.o] Ошибка 1
23:46:16 **** Incremental Build of configuration Release for project test_cpp ****
make all 
Building file: ../main.cpp
Invoking: GCC C++ Compiler
g++ -O3 -Wall -c -fmessage-length=0 -MMD -MP -MF"main.d" -MT"main.d" -o "main.o" "../main.cpp"
../main.cpp: In function ‘int main()’:
../main.cpp:17:14: error: ‘std::string Dick::am’ is protected
  std::string am;
              ^
../main.cpp:29:21: error: within this context
  std::cout << chlen.am << std::endl;
                     ^
make: *** [main.o] Ошибка 1
23:46:35 **** Incremental Build of configuration Debug for project test_cpp ****
make all 
Building file: ../main.cpp
Invoking: GCC C++ Compiler
g++ -O0 -g3 -Wall -c -fmessage-length=0 -MMD -MP -MF"main.d" -MT"main.d" -o "main.o" "../main.cpp"
../main.cpp: In function ‘int main()’:
../main.cpp:17:14: error: ‘std::string Dick::am’ is protected
  std::string am;
              ^
../main.cpp:29:21: error: within this context
  std::cout << chlen.am << std::endl;
                     ^
make: *** [main.o] Ошибка 1
23:46:35 **** Incremental Build of configuration Release for project test_cpp ****
make all 
Building file: ../main.cpp
Invoking: GCC C++ Compiler
g++ -O3 -Wall -c -fmessage-length=0 -MMD -MP -MF"main.d" -MT"main.d" -o "main.o" "../main.cpp"
../main.cpp: In function ‘int main()’:
../main.cpp:17:14: error: ‘std::string Dick::am’ is protected
  std::string am;
              ^
../main.cpp:29:21: error: within this context
  std::cout << chlen.am << std::endl;
                     ^
make: *** [main.o] Ошибка 1
23:49:29 **** Incremental Build of configuration Debug for project test_cpp ****
make all 
Building file: ../main.cpp
Invoking: GCC C++ Compiler
g++ -O0 -g3 -Wall -c -fmessage-length=0 -MMD -MP -MF"main.d" -MT"main.d" -o "main.o" "../main.cpp"
../main.cpp: In function ‘int main()’:
../main.cpp:17:14: error: ‘std::string Dick::am’ is protected
  std::string am;
              ^
../main.cpp:32:22: error: within this context
  std::cout << grisha.am << std::endl;
                      ^
make: *** [main.o] Ошибка 1
23:49:30 **** Incremental Build of configuration Release for project test_cpp ****
make all 
Building file: ../main.cpp
Invoking: GCC C++ Compiler
g++ -O3 -Wall -c -fmessage-length=0 -MMD -MP -MF"main.d" -MT"main.d" -o "main.o" "../main.cpp"
../main.cpp: In function ‘int main()’:
../main.cpp:17:14: error: ‘std::string Dick::am’ is protected
  std::string am;
              ^
../main.cpp:32:22: error: within this context
  std::cout << grisha.am << std::endl;
                      ^
make: *** [main.o] Ошибка 1
23:50:36 **** Incremental Build of configuration Debug for project test_cpp ****
make all 
Building file: ../main.cpp
Invoking: GCC C++ Compiler
g++ -O0 -g3 -Wall -c -fmessage-length=0 -MMD -MP -MF"main.d" -MT"main.d" -o "main.o" "../main.cpp"
../main.cpp: In function ‘int main()’:
../main.cpp:17:14: error: ‘std::string Dick::am’ is protected
  std::string am;
              ^
../main.cpp:32:22: error: within this context
  std::cout << grisha.am << std::endl;
                      ^
make: *** [main.o] Ошибка 1
23:50:36 **** Incremental Build of configuration Release for project test_cpp ****
make all 
Building file: ../main.cpp
Invoking: GCC C++ Compiler
g++ -O3 -Wall -c -fmessage-length=0 -MMD -MP -MF"main.d" -MT"main.d" -o "main.o" "../main.cpp"
../main.cpp: In function ‘int main()’:
../main.cpp:17:14: error: ‘std::string Dick::am’ is protected
  std::string am;
              ^
../main.cpp:32:22: error: within this context
  std::cout << grisha.am << std::endl;
                      ^
make: *** [main.o] Ошибка 1
23:52:12 **** Incremental Build of configuration Debug for project test_cpp ****
make all 
Building file: ../main.cpp
Invoking: GCC C++ Compiler
g++ -O0 -g3 -Wall -c -fmessage-length=0 -MMD -MP -MF"main.d" -MT"main.d" -o "main.o" "../main.cpp"
../main.cpp: In function ‘int main()’:
../main.cpp:24:7: error: ‘void Sobol::bombom()’ is private
  void bombom(){std::cout<<"Fuck off please!\n";}
       ^
../main.cpp:32:16: error: within this context
  grisha.bombom();
                ^
make: *** [main.o] Ошибка 1
23:52:12 **** Incremental Build of configuration Release for project test_cpp ****
make all 
Building file: ../main.cpp
Invoking: GCC C++ Compiler
g++ -O3 -Wall -c -fmessage-length=0 -MMD -MP -MF"main.d" -MT"main.d" -o "main.o" "../main.cpp"
../main.cpp: In function ‘int main()’:
../main.cpp:24:7: error: ‘void Sobol::bombom()’ is private
  void bombom(){std::cout<<"Fuck off please!\n";}
       ^
../main.cpp:32:16: error: within this context
  grisha.bombom();
                ^
make: *** [main.o] Ошибка 1
23:52:42 **** Incremental Build of configuration Debug for project test_cpp ****
make all 
Building file: ../main.cpp
Invoking: GCC C++ Compiler
g++ -O0 -g3 -Wall -c -fmessage-length=0 -MMD -MP -MF"main.d" -MT"main.d" -o "main.o" "../main.cpp"
Finished building: ../main.cpp
 
Building target: test_cpp
Invoking: GCC C++ Linker
g++  -o "test_cpp"  ./main.o   
Finished building target: test_cpp
 
23:52:43 **** Incremental Build of configuration Release for project test_cpp ****
make all 
Building file: ../main.cpp
Invoking: GCC C++ Compiler
g++ -O3 -Wall -c -fmessage-length=0 -MMD -MP -MF"main.d" -MT"main.d" -o "main.o" "../main.cpp"
Finished building: ../main.cpp
 
Building target: test_cpp
Invoking: GCC C++ Linker
g++  -o "test_cpp"  ./main.o   
Finished building target: test_cpp
 
23:57:53 **** Incremental Build of configuration Debug for project test_cpp ****
make all 
Building file: ../main.cpp
Invoking: GCC C++ Compiler
g++ -O0 -g3 -Wall -c -fmessage-length=0 -MMD -MP -MF"main.d" -MT"main.d" -o "main.o" "../main.cpp"
../main.cpp: In function ‘int main()’:
../main.cpp:36:30: error: call of overloaded ‘sum(int, double)’ is ambiguous
  std::cout << chlen.sum(4,4.5) << std::endl;
                              ^
../main.cpp:36:30: note: candidates are:
../main.cpp:15:6: note: int Dick::sum(int, int)
  int sum(int x, int y){return x+y;}
      ^
../main.cpp:16:9: note: double Dick::sum(double, double)
  double sum(double x, double y){return x+y;}
         ^
make: *** [main.o] Ошибка 1
23:57:53 **** Incremental Build of configuration Release for project test_cpp ****
make all 
Building file: ../main.cpp
Invoking: GCC C++ Compiler
g++ -O3 -Wall -c -fmessage-length=0 -MMD -MP -MF"main.d" -MT"main.d" -o "main.o" "../main.cpp"
../main.cpp: In function ‘int main()’:
../main.cpp:36:30: error: call of overloaded ‘sum(int, double)’ is ambiguous
  std::cout << chlen.sum(4,4.5) << std::endl;
                              ^
../main.cpp:36:30: note: candidates are:
../main.cpp:15:6: note: int Dick::sum(int, int)
  int sum(int x, int y){return x+y;}
      ^
../main.cpp:16:9: note: double Dick::sum(double, double)
  double sum(double x, double y){return x+y;}
         ^
make: *** [main.o] Ошибка 1
23:58:42 **** Incremental Build of configuration Debug for project test_cpp ****
make all 
Building file: ../main.cpp
Invoking: GCC C++ Compiler
g++ -O0 -g3 -Wall -c -fmessage-length=0 -MMD -MP -MF"main.d" -MT"main.d" -o "main.o" "../main.cpp"
Finished building: ../main.cpp
 
Building target: test_cpp
Invoking: GCC C++ Linker
g++  -o "test_cpp"  ./main.o   
Finished building target: test_cpp
 
23:58:42 **** Incremental Build of configuration Release for project test_cpp ****
make all 
Building file: ../main.cpp
Invoking: GCC C++ Compiler
g++ -O3 -Wall -c -fmessage-length=0 -MMD -MP -MF"main.d" -MT"main.d" -o "main.o" "../main.cpp"
Finished building: ../main.cpp
 
Building target: test_cpp
Invoking: GCC C++ Linker
g++  -o "test_cpp"  ./main.o   
Finished building target: test_cpp
 
23:58:55 **** Incremental Build of configuration Debug for project test_cpp ****
make all 
Building file: ../main.cpp
Invoking: GCC C++ Compiler
g++ -O0 -g3 -Wall -c -fmessage-length=0 -MMD -MP -MF"main.d" -MT"main.d" -o "main.o" "../main.cpp"
Finished building: ../main.cpp
 
Building target: test_cpp
Invoking: GCC C++ Linker
g++  -o "test_cpp"  ./main.o   
Finished building target: test_cpp
 
23:58:55 **** Incremental Build of configuration Release for project test_cpp ****
make all 
Building file: ../main.cpp
Invoking: GCC C++ Compiler
g++ -O3 -Wall -c -fmessage-length=0 -MMD -MP -MF"main.d" -MT"main.d" -o "main.o" "../main.cpp"
Finished building: ../main.cpp
 
Building target: test_cpp
Invoking: GCC C++ Linker
g++  -o "test_cpp"  ./main.o   
Finished building target: test_cpp
 
00:04:56 **** Incremental Build of configuration Debug for project test_cpp ****
make all 
Building file: ../main.cpp
Invoking: GCC C++ Compiler
g++ -O0 -g3 -Wall -c -fmessage-length=0 -MMD -MP -MF"main.d" -MT"main.d" -o "main.o" "../main.cpp"
../main.cpp:25:1: error: expected class-name before ‘{’ token
 {
 ^
make: *** [main.o] Ошибка 1
00:04:57 **** Incremental Build of configuration Release for project test_cpp ****
make all 
Building file: ../main.cpp
Invoking: GCC C++ Compiler
g++ -O3 -Wall -c -fmessage-length=0 -MMD -MP -MF"main.d" -MT"main.d" -o "main.o" "../main.cpp"
../main.cpp:25:1: error: expected class-name before ‘{’ token
 {
 ^
make: *** [main.o] Ошибка 1
00:13:22 **** Incremental Build of configuration Debug for project test_cpp ****
make all 
Building file: ../main.cpp
Invoking: GCC C++ Compiler
g++ -O0 -g3 -Wall -c -fmessage-length=0 -MMD -MP -MF"main.d" -MT"main.d" -o "main.o" "../main.cpp"
../main.cpp: In function ‘int main()’:
../main.cpp:34:8: error: missing template arguments before ‘grisha’
  Sobol grisha;
        ^
../main.cpp:34:8: error: expected ‘;’ before ‘grisha’
../main.cpp:35:2: error: ‘grisha’ was not declared in this scope
  grisha.bombom();
  ^
make: *** [main.o] Ошибка 1
00:13:22 **** Incremental Build of configuration Release for project test_cpp ****
make all 
Building file: ../main.cpp
Invoking: GCC C++ Compiler
g++ -O3 -Wall -c -fmessage-length=0 -MMD -MP -MF"main.d" -MT"main.d" -o "main.o" "../main.cpp"
../main.cpp: In function ‘int main()’:
../main.cpp:34:8: error: missing template arguments before ‘grisha’
  Sobol grisha;
        ^
../main.cpp:34:8: error: expected ‘;’ before ‘grisha’
../main.cpp:35:2: error: ‘grisha’ was not declared in this scope
  grisha.bombom();
  ^
make: *** [main.o] Ошибка 1
00:13:48 **** Incremental Build of configuration Debug for project test_cpp ****
make all 
Building file: ../main.cpp
Invoking: GCC C++ Compiler
g++ -O0 -g3 -Wall -c -fmessage-length=0 -MMD -MP -MF"main.d" -MT"main.d" -o "main.o" "../main.cpp"
Finished building: ../main.cpp
 
Building target: test_cpp
Invoking: GCC C++ Linker
g++  -o "test_cpp"  ./main.o   
Finished building target: test_cpp
 
00:13:49 **** Incremental Build of configuration Release for project test_cpp ****
make all 
Building file: ../main.cpp
Invoking: GCC C++ Compiler
g++ -O3 -Wall -c -fmessage-length=0 -MMD -MP -MF"main.d" -MT"main.d" -o "main.o" "../main.cpp"
Finished building: ../main.cpp
 
Building target: test_cpp
Invoking: GCC C++ Linker
g++  -o "test_cpp"  ./main.o   
Finished building target: test_cpp
 
