01:20:43 **** Incremental Build of configuration Release for project hello ****
make all 
Building file: ../23.c
Invoking: Cross GCC Compiler
gcc -O3 -Wall -c -fmessage-length=0 -MMD -MP -MF"23.d" -MT"23.d" -o "23.o" "../23.c"
../23.c: In function ‘main’:
../23.c:21:9: warning: ignoring return value of ‘write’, declared with attribute warn_unused_result [-Wunused-result]
    write(w,buf,r);
         ^
Finished building: ../23.c
 
Building file: ../infa 23sept.c
Invoking: Cross GCC Compiler
gcc -O3 -Wall -c -fmessage-length=0 -MMD -MP -MF"infa 23sept.d" -MT"infa\ 23sept.d" -o "infa 23sept.o" "../infa 23sept.c"
Finished building: ../infa 23sept.c
 
Building file: ../main.c
Invoking: Cross GCC Compiler
gcc -O3 -Wall -c -fmessage-length=0 -MMD -MP -MF"main.d" -MT"main.d" -o "main.o" "../main.c"
Finished building: ../main.c
 
Building target: hello
Invoking: Cross GCC Linker
gcc  -o "hello"  ./23.o ./infa\ 23sept.o ./main.o   
Finished building target: hello
 

01:20:43 Build Finished (took 211ms)

